[07:55:57] [INFO] logger ready ✅
[07:59:35] [INFO] logger ready ✅
[08:01:49] [INFO] ========[ TRAINING START ]========  (2025-10-21 08:01:49)
[08:04:18] [INFO] [Step    500/159210] Train 9.6801 | Val~20% 9.6793
[08:06:43] [INFO] [Step   1000/159210] Train 9.6781 | Val~20% 9.6757
[08:09:10] [INFO] [Step   1500/159210] Train 9.6745 | Val~20% 9.6714
[08:11:36] [INFO] [Step   2000/159210] Train 9.6706 | Val~20% 9.6675
[08:14:03] [INFO] [Step   2500/159210] Train 9.6672 | Val~20% 9.6642
[08:16:29] [INFO] [Step   3000/159210] Train 9.6642 | Val~20% 9.6613
[08:18:55] [INFO] [Step   3500/159210] Train 9.6612 | Val~20% 9.6583
[08:21:22] [INFO] [Step   4000/159210] Train 9.6579 | Val~20% 9.6549
[08:23:48] [INFO] [Step   4500/159210] Train 9.6544 | Val~20% 9.6514
[08:26:14] [INFO] [Step   5000/159210] Train 9.6509 | Val~20% 9.6481
[08:28:42] [INFO] [Step   5500/159210] Train 9.6476 | Val~20% 9.6448
[08:31:09] [INFO] [Step   6000/159210] Train 9.6444 | Val~20% 9.6418
[08:33:37] [INFO] [Step   6500/159210] Train 9.6413 | Val~20% 9.6387
[08:36:03] [INFO] [Step   7000/159210] Train 9.6383 | Val~20% 9.6359
[08:38:31] [INFO] [Step   7500/159210] Train 9.6356 | Val~20% 9.6330
[08:40:59] [INFO] [Step   8000/159210] Train 9.6328 | Val~20% 9.6303
[08:43:27] [INFO] [Step   8500/159210] Train 9.6301 | Val~20% 9.6277
[08:45:54] [INFO] [Step   9000/159210] Train 9.6274 | Val~20% 9.6252
[08:48:21] [INFO] [Step   9500/159210] Train 9.6249 | Val~20% 9.6226
[08:50:46] [INFO] [Step  10000/159210] Train 9.6225 | Val~20% 9.6202
[08:53:11] [INFO] [Step  10500/159210] Train 9.6201 | Val~20% 9.6178
